生成启动时间为 2021/3/22 10:58:03。
     1>项目“c:\Users\administrator\documents\visual studio 2010\Projects\test\E03\E03.vcxproj”在节点 2 上(build 个目标)。
     1>InitializeBuildStatus:
         正在创建“Debug\E03.unsuccessfulbuild”，因为已指定“AlwaysCreate”。
       ClCompile:
         C:\Program Files\Microsoft Visual Studio 10.0\VC\bin\CL.exe /c /ZI /nologo /W3 /WX- /Od /Oy- /D WIN32 /D _DEBUG /D _CONSOLE /D _UNICODE /D UNICODE /Gm /EHsc /RTC1 /MDd /GS /fp:precise /Zc:wchar_t /Zc:forScope /Fo"Debug\\" /Fd"Debug\vc100.pdb" /Gd /TP /analyze- /errorReport:prompt E03.cpp
         E03.cpp
     1>c:\users\administrator\documents\visual studio 2010\projects\test\e03\e03.cpp(7): warning C4996: 'scanf': This function or variable may be unsafe. Consider using scanf_s instead. To disable deprecation, use _CRT_SECURE_NO_WARNINGS. See online help for details.
                 c:\program files\microsoft visual studio 10.0\vc\include\stdio.h(304) : 参见“scanf”的声明
     1>c:\users\administrator\documents\visual studio 2010\projects\test\e03\e03.cpp(8): warning C4244: “=”: 从“double”转换到“float”，可能丢失数据
     1>c:\users\administrator\documents\visual studio 2010\projects\test\e03\e03.cpp(9): warning C4244: “=”: 从“double”转换到“float”，可能丢失数据
     1>c:\users\administrator\documents\visual studio 2010\projects\test\e03\e03.cpp(10): warning C4244: “=”: 从“double”转换到“float”，可能丢失数据
     1>c:\users\administrator\documents\visual studio 2010\projects\test\e03\e03.cpp(11): warning C4244: “=”: 从“double”转换到“float”，可能丢失数据
       ManifestResourceCompile:
         所有输出均为最新。
       Link:
         C:\Program Files\Microsoft Visual Studio 10.0\VC\bin\link.exe /ERRORREPORT:PROMPT /OUT:"c:\users\administrator\documents\visual studio 2010\Projects\test\Debug\E03.exe" /INCREMENTAL /NOLOGO kernel32.lib user32.lib gdi32.lib winspool.lib comdlg32.lib advapi32.lib shell32.lib ole32.lib oleaut32.lib uuid.lib odbc32.lib odbccp32.lib /MANIFEST /ManifestFile:"Debug\E03.exe.intermediate.manifest" /MANIFESTUAC:"level='asInvoker' uiAccess='false'" /DEBUG /PDB:"c:\users\administrator\documents\visual studio 2010\Projects\test\Debug\E03.pdb" /SUBSYSTEM:CONSOLE /TLBID:1 /DYNAMICBASE /NXCOMPAT /IMPLIB:"c:\users\administrator\documents\visual studio 2010\Projects\test\Debug\E03.lib" /MACHINE:X86 Debug\E03.exe.embed.manifest.res
         Debug\E03.obj
       Manifest:
         C:\Program Files\Microsoft SDKs\Windows\v7.0A\bin\mt.exe /nologo /verbose /out:"Debug\E03.exe.embed.manifest" /manifest Debug\E03.exe.intermediate.manifest
         所有输出均为最新。
       LinkEmbedManifest:
         所有输出均为最新。
         E03.vcxproj -> c:\users\administrator\documents\visual studio 2010\Projects\test\Debug\E03.exe
       FinalizeBuildStatus:
         正在删除文件“Debug\E03.unsuccessfulbuild”。
         正在对“Debug\E03.lastbuildstate”执行 Touch 任务。
     1>已完成生成项目“c:\Users\administrator\documents\visual studio 2010\Projects\test\E03\E03.vcxproj”(build 个目标)的操作。

生成成功。

已用时间 00:00:00.59
